<?xml version="1.0" encoding="UTF-8"?>
<coverage generated="1645673385858" clover="3.2.0">
  <project timestamp="1645673385859" name="All files">
    <metrics statements="254" coveredstatements="239" conditionals="98" coveredconditionals="89" methods="75" coveredmethods="74" elements="427" coveredelements="402" complexity="0" loc="254" ncloc="254" packages="4" files="13" classes="13">
      <package name="src">
        <metrics statements="74" coveredstatements="59" conditionals="16" coveredconditionals="12" methods="14" coveredmethods="13"/>
        <file name="App.js" path="/Users/paulinez/Documents/mars-rover/src/App.js">
          <metrics statements="8" coveredstatements="8" conditionals="2" coveredconditionals="2" methods="4" coveredmethods="4"/>
          <line num="10" count="11" type="stmt"/>
          <line num="12" count="11" type="stmt"/>
          <line num="13" count="11" type="stmt"/>
          <line num="14" count="10" type="cond" truecount="2" falsecount="0"/>
          <line num="16" count="11" type="stmt"/>
          <line num="18" count="11" type="stmt"/>
          <line num="19" count="11" type="stmt"/>
          <line num="23" count="11" type="stmt"/>
        </file>
        <file name="helper.js" path="/Users/paulinez/Documents/mars-rover/src/helper.js">
          <metrics statements="51" coveredstatements="51" conditionals="10" coveredconditionals="10" methods="9" coveredmethods="9"/>
          <line num="5" count="1" type="stmt"/>
          <line num="17" count="1" type="stmt"/>
          <line num="29" count="1" type="stmt"/>
          <line num="35" count="1" type="stmt"/>
          <line num="38" count="1" type="stmt"/>
          <line num="39" count="4" type="stmt"/>
          <line num="40" count="4" type="stmt"/>
          <line num="41" count="4" type="stmt"/>
          <line num="42" count="4" type="stmt"/>
          <line num="43" count="4" type="stmt"/>
          <line num="46" count="1" type="stmt"/>
          <line num="47" count="5" type="stmt"/>
          <line num="48" count="5" type="cond" truecount="2" falsecount="0"/>
          <line num="49" count="5" type="stmt"/>
          <line num="52" count="5" type="cond" truecount="2" falsecount="0"/>
          <line num="53" count="1" type="stmt"/>
          <line num="54" count="4" type="cond" truecount="2" falsecount="0"/>
          <line num="55" count="3" type="stmt"/>
          <line num="57" count="1" type="cond" truecount="2" falsecount="0"/>
          <line num="58" count="1" type="stmt"/>
          <line num="60" count="5" type="stmt"/>
          <line num="63" count="1" type="stmt"/>
          <line num="64" count="5" type="stmt"/>
          <line num="65" count="5" type="stmt"/>
          <line num="68" count="1" type="stmt"/>
          <line num="69" count="143" type="stmt"/>
          <line num="71" count="143" type="stmt"/>
          <line num="72" count="858" type="stmt"/>
          <line num="73" count="858" type="stmt"/>
          <line num="74" count="858" type="stmt"/>
          <line num="76" count="143" type="stmt"/>
          <line num="77" count="143" type="stmt"/>
          <line num="80" count="1" type="stmt"/>
          <line num="82" count="8" type="cond" truecount="2" falsecount="0"/>
          <line num="83" count="7" type="stmt"/>
          <line num="85" count="3" type="stmt"/>
          <line num="87" count="8" type="stmt"/>
          <line num="91" count="1" type="stmt"/>
          <line num="92" count="1" type="stmt"/>
          <line num="93" count="98" type="stmt"/>
          <line num="94" count="98" type="stmt"/>
          <line num="95" count="98" type="stmt"/>
          <line num="97" count="1" type="stmt"/>
          <line num="98" count="37" type="stmt"/>
          <line num="99" count="37" type="stmt"/>
          <line num="100" count="37" type="stmt"/>
          <line num="101" count="37" type="stmt"/>
          <line num="104" count="1" type="stmt"/>
          <line num="105" count="7" type="stmt"/>
          <line num="106" count="7" type="stmt"/>
          <line num="109" count="1" type="stmt"/>
        </file>
        <file name="index.js" path="/Users/paulinez/Documents/mars-rover/src/index.js">
          <metrics statements="4" coveredstatements="0" conditionals="4" coveredconditionals="0" methods="1" coveredmethods="0"/>
          <line num="1" count="0" type="stmt"/>
          <line num="2" count="0" type="stmt"/>
          <line num="3" count="0" type="cond" truecount="0" falsecount="4"/>
          <line num="4" count="0" type="stmt"/>
        </file>
        <file name="infoData.js" path="/Users/paulinez/Documents/mars-rover/src/infoData.js">
          <metrics statements="11" coveredstatements="0" conditionals="0" coveredconditionals="0" methods="0" coveredmethods="0"/>
          <line num="1" count="0" type="stmt"/>
          <line num="2" count="0" type="stmt"/>
          <line num="5" count="0" type="stmt"/>
          <line num="8" count="0" type="stmt"/>
          <line num="11" count="0" type="stmt"/>
          <line num="13" count="0" type="stmt"/>
          <line num="16" count="0" type="stmt"/>
          <line num="19" count="0" type="stmt"/>
          <line num="22" count="0" type="stmt"/>
          <line num="25" count="0" type="stmt"/>
          <line num="27" count="0" type="stmt"/>
        </file>
      </package>
      <package name="src.Pages">
        <metrics statements="121" coveredstatements="121" conditionals="59" coveredconditionals="55" methods="34" coveredmethods="34"/>
        <file name="Home.js" path="/Users/paulinez/Documents/mars-rover/src/Pages/Home.js">
          <metrics statements="84" coveredstatements="84" conditionals="37" coveredconditionals="35" methods="24" coveredmethods="24"/>
          <line num="9" count="1" type="stmt"/>
          <line num="23" count="274" type="stmt"/>
          <line num="24" count="274" type="stmt"/>
          <line num="25" count="274" type="stmt"/>
          <line num="26" count="274" type="stmt"/>
          <line num="27" count="274" type="stmt"/>
          <line num="28" count="274" type="stmt"/>
          <line num="29" count="274" type="stmt"/>
          <line num="31" count="274" type="stmt"/>
          <line num="32" count="15" type="cond" truecount="1" falsecount="1"/>
          <line num="33" count="15" type="stmt"/>
          <line num="34" count="15" type="stmt"/>
          <line num="35" count="15" type="stmt"/>
          <line num="36" count="15" type="stmt"/>
          <line num="39" count="274" type="stmt"/>
          <line num="40" count="3" type="stmt"/>
          <line num="43" count="274" type="stmt"/>
          <line num="44" count="2" type="stmt"/>
          <line num="47" count="274" type="stmt"/>
          <line num="48" count="1" type="stmt"/>
          <line num="51" count="274" type="stmt"/>
          <line num="52" count="18" type="stmt"/>
          <line num="53" count="18" type="stmt"/>
          <line num="54" count="18" type="stmt"/>
          <line num="55" count="18" type="stmt"/>
          <line num="56" count="18" type="stmt"/>
          <line num="59" count="17" type="stmt"/>
          <line num="60" count="17" type="cond" truecount="2" falsecount="0"/>
          <line num="61" count="3" type="cond" truecount="2" falsecount="0"/>
          <line num="62" count="2" type="stmt"/>
          <line num="63" count="2" type="stmt"/>
          <line num="65" count="1" type="stmt"/>
          <line num="68" count="14" type="stmt"/>
          <line num="69" count="98" type="stmt"/>
          <line num="70" count="98" type="stmt"/>
          <line num="73" count="98" type="stmt"/>
          <line num="74" count="98" type="cond" truecount="2" falsecount="0"/>
          <line num="75" count="4" type="stmt"/>
          <line num="77" count="94" type="stmt"/>
          <line num="78" count="94" type="stmt"/>
          <line num="82" count="98" type="stmt"/>
          <line num="83" count="98" type="stmt"/>
          <line num="90" count="1" type="stmt"/>
          <line num="94" count="274" type="stmt"/>
          <line num="95" count="15" type="stmt"/>
          <line num="98" count="14" type="stmt"/>
          <line num="99" count="14" type="stmt"/>
          <line num="102" count="1" type="stmt"/>
          <line num="106" count="274" type="stmt"/>
          <line num="107" count="15" type="stmt"/>
          <line num="110" count="14" type="stmt"/>
          <line num="111" count="14" type="stmt"/>
          <line num="112" count="28" type="stmt"/>
          <line num="113" count="14" type="stmt"/>
          <line num="115" count="28" type="cond" truecount="2" falsecount="0"/>
          <line num="116" count="28" type="stmt"/>
          <line num="118" count="14" type="stmt"/>
          <line num="119" count="14" type="stmt"/>
          <line num="122" count="1" type="stmt"/>
          <line num="126" count="274" type="stmt"/>
          <line num="137" count="259" type="stmt"/>
          <line num="139" count="259" type="stmt"/>
          <line num="140" count="259" type="stmt"/>
          <line num="141" count="259" type="stmt"/>
          <line num="143" count="259" type="stmt"/>
          <line num="144" count="259" type="stmt"/>
          <line num="145" count="259" type="stmt"/>
          <line num="148" count="259" type="stmt"/>
          <line num="149" count="403" type="cond" truecount="2" falsecount="0"/>
          <line num="150" count="259" type="stmt"/>
          <line num="151" count="259" type="stmt"/>
          <line num="155" count="259" type="stmt"/>
          <line num="201" count="2331" type="stmt"/>
          <line num="202" count="2331" type="stmt"/>
          <line num="236" count="274" type="stmt"/>
          <line num="237" count="231" type="stmt"/>
          <line num="238" count="231" type="stmt"/>
          <line num="239" count="231" type="stmt"/>
          <line num="243" count="231" type="stmt"/>
          <line num="244" count="231" type="stmt"/>
          <line num="245" count="231" type="stmt"/>
          <line num="264" count="274" type="stmt"/>
          <line num="265" count="201" type="stmt"/>
          <line num="279" count="274" type="stmt"/>
        </file>
        <file name="Likes.js" path="/Users/paulinez/Documents/mars-rover/src/Pages/Likes.js">
          <metrics statements="1" coveredstatements="1" conditionals="0" coveredconditionals="0" methods="1" coveredmethods="1"/>
          <line num="5" count="1" type="stmt"/>
        </file>
        <file name="Search.js" path="/Users/paulinez/Documents/mars-rover/src/Pages/Search.js">
          <metrics statements="26" coveredstatements="26" conditionals="22" coveredconditionals="20" methods="9" coveredmethods="9"/>
          <line num="7" count="19" type="stmt"/>
          <line num="8" count="19" type="stmt"/>
          <line num="9" count="19" type="stmt"/>
          <line num="10" count="19" type="stmt"/>
          <line num="13" count="19" type="stmt"/>
          <line num="14" count="19" type="stmt"/>
          <line num="15" count="19" type="stmt"/>
          <line num="17" count="19" type="stmt"/>
          <line num="18" count="3" type="stmt"/>
          <line num="19" count="3" type="stmt"/>
          <line num="20" count="3" type="stmt"/>
          <line num="23" count="2" type="stmt"/>
          <line num="24" count="2" type="stmt"/>
          <line num="27" count="1" type="stmt"/>
          <line num="31" count="19" type="stmt"/>
          <line num="32" count="4" type="stmt"/>
          <line num="33" count="4" type="cond" truecount="4" falsecount="0"/>
          <line num="34" count="3" type="stmt"/>
          <line num="36" count="1" type="stmt"/>
          <line num="40" count="19" type="stmt"/>
          <line num="48" count="4" type="stmt"/>
          <line num="65" count="3" type="stmt"/>
          <line num="71" count="171" type="cond" truecount="2" falsecount="0"/>
          <line num="72" count="171" type="cond" truecount="2" falsecount="0"/>
          <line num="73" count="171" type="stmt"/>
          <line num="95" count="3" type="stmt"/>
        </file>
        <file name="infoData.js" path="/Users/paulinez/Documents/mars-rover/src/Pages/infoData.js">
          <metrics statements="10" coveredstatements="10" conditionals="0" coveredconditionals="0" methods="0" coveredmethods="0"/>
          <line num="2" count="1" type="stmt"/>
          <line num="5" count="1" type="stmt"/>
          <line num="8" count="1" type="stmt"/>
          <line num="11" count="1" type="stmt"/>
          <line num="13" count="1" type="stmt"/>
          <line num="16" count="1" type="stmt"/>
          <line num="19" count="1" type="stmt"/>
          <line num="22" count="1" type="stmt"/>
          <line num="25" count="1" type="stmt"/>
          <line num="27" count="1" type="stmt"/>
        </file>
      </package>
      <package name="src.__test__">
        <metrics statements="9" coveredstatements="9" conditionals="0" coveredconditionals="0" methods="2" coveredmethods="2"/>
        <file name="fake.data.js" path="/Users/paulinez/Documents/mars-rover/src/__test__/fake.data.js">
          <metrics statements="6" coveredstatements="6" conditionals="0" coveredconditionals="0" methods="0" coveredmethods="0"/>
          <line num="1" count="1" type="stmt"/>
          <line num="15" count="1" type="stmt"/>
          <line num="30" count="1" type="stmt"/>
          <line num="32" count="1" type="stmt"/>
          <line num="44" count="1" type="stmt"/>
          <line num="66" count="1" type="stmt"/>
        </file>
        <file name="localStorage.js" path="/Users/paulinez/Documents/mars-rover/src/__test__/localStorage.js">
          <metrics statements="3" coveredstatements="3" conditionals="0" coveredconditionals="0" methods="2" coveredmethods="2"/>
          <line num="2" count="1" type="stmt"/>
          <line num="6" count="48" type="stmt"/>
          <line num="7" count="18" type="stmt"/>
        </file>
      </package>
      <package name="src.components">
        <metrics statements="50" coveredstatements="50" conditionals="23" coveredconditionals="22" methods="25" coveredmethods="25"/>
        <file name="ImageCards.js" path="/Users/paulinez/Documents/mars-rover/src/components/ImageCards.js">
          <metrics statements="43" coveredstatements="43" conditionals="21" coveredconditionals="20" methods="21" coveredmethods="21"/>
          <line num="7" count="131" type="stmt"/>
          <line num="8" count="131" type="stmt"/>
          <line num="10" count="131" type="stmt"/>
          <line num="11" count="18" type="stmt"/>
          <line num="12" count="18" type="cond" truecount="1" falsecount="1"/>
          <line num="15" count="131" type="stmt"/>
          <line num="16" count="41" type="stmt"/>
          <line num="19" count="131" type="stmt"/>
          <line num="20" count="6" type="cond" truecount="2" falsecount="0"/>
          <line num="21" count="6" type="stmt"/>
          <line num="22" count="6" type="stmt"/>
          <line num="23" count="6" type="stmt"/>
          <line num="24" count="6" type="stmt"/>
          <line num="27" count="131" type="stmt"/>
          <line num="28" count="6" type="stmt"/>
          <line num="29" count="4" type="stmt"/>
          <line num="33" count="131" type="stmt"/>
          <line num="34" count="1" type="stmt"/>
          <line num="35" count="1" type="stmt"/>
          <line num="36" count="1" type="stmt"/>
          <line num="37" count="1" type="stmt"/>
          <line num="40" count="131" type="stmt"/>
          <line num="41" count="4" type="stmt"/>
          <line num="42" count="4" type="stmt"/>
          <line num="43" count="4" type="stmt"/>
          <line num="58" count="1" type="cond" truecount="2" falsecount="0"/>
          <line num="62" count="1" type="stmt"/>
          <line num="68" count="1" type="stmt"/>
          <line num="78" count="131" type="stmt"/>
          <line num="79" count="2" type="stmt"/>
          <line num="80" count="2" type="stmt"/>
          <line num="81" count="2" type="stmt"/>
          <line num="99" count="2" type="stmt"/>
          <line num="108" count="131" type="stmt"/>
          <line num="109" count="120" type="stmt"/>
          <line num="112" count="808" type="stmt"/>
          <line num="113" count="808" type="stmt"/>
          <line num="127" count="651" type="cond" truecount="2" falsecount="0"/>
          <line num="130" count="1" type="stmt"/>
          <line num="135" count="1" type="stmt"/>
          <line num="149" count="131" type="stmt"/>
          <line num="150" count="5" type="stmt"/>
          <line num="157" count="131" type="stmt"/>
        </file>
        <file name="NavBar.js" path="/Users/paulinez/Documents/mars-rover/src/components/NavBar.js">
          <metrics statements="6" coveredstatements="6" conditionals="2" coveredconditionals="2" methods="4" coveredmethods="4"/>
          <line num="8" count="1" type="stmt"/>
          <line num="9" count="13" type="stmt"/>
          <line num="10" count="13" type="stmt"/>
          <line num="12" count="13" type="stmt"/>
          <line num="17" count="13" type="stmt"/>
          <line num="32" count="39" type="stmt"/>
        </file>
        <file name="NavData.js" path="/Users/paulinez/Documents/mars-rover/src/components/NavData.js">
          <metrics statements="1" coveredstatements="1" conditionals="0" coveredconditionals="0" methods="0" coveredmethods="0"/>
          <line num="4" count="1" type="stmt"/>
        </file>
      </package>
    </metrics>
  </project>
</coverage>
