{"/Users/paulinez/Documents/mars-rover/src/App.js": {"path":"/Users/paulinez/Documents/mars-rover/src/App.js","statementMap":{"0":{"start":{"line":10,"column":14},"end":{"line":10,"column":22}},"1":{"start":{"line":12,"column":2},"end":{"line":21,"column":9}},"2":{"start":{"line":13,"column":24},"end":{"line":15,"column":5}},"3":{"start":{"line":14,"column":6},"end":{"line":14,"column":55}},"4":{"start":{"line":16,"column":4},"end":{"line":16,"column":57}},"5":{"start":{"line":18,"column":4},"end":{"line":20,"column":6}},"6":{"start":{"line":19,"column":6},"end":{"line":19,"column":62}},"7":{"start":{"line":23,"column":2},"end":{"line":35,"column":4}}},"fnMap":{"0":{"name":"App","decl":{"start":{"line":9,"column":24},"end":{"line":9,"column":27}},"loc":{"start":{"line":9,"column":30},"end":{"line":36,"column":1}},"line":9},"1":{"name":"(anonymous_1)","decl":{"start":{"line":12,"column":12},"end":{"line":12,"column":13}},"loc":{"start":{"line":12,"column":18},"end":{"line":21,"column":3}},"line":12},"2":{"name":"(anonymous_2)","decl":{"start":{"line":13,"column":24},"end":{"line":13,"column":25}},"loc":{"start":{"line":13,"column":30},"end":{"line":15,"column":5}},"line":13},"3":{"name":"(anonymous_3)","decl":{"start":{"line":18,"column":11},"end":{"line":18,"column":12}},"loc":{"start":{"line":18,"column":17},"end":{"line":20,"column":5}},"line":18}},"branchMap":{"0":{"loc":{"start":{"line":14,"column":6},"end":{"line":14,"column":54}},"type":"binary-expr","locations":[{"start":{"line":14,"column":6},"end":{"line":14,"column":24}},{"start":{"line":14,"column":28},"end":{"line":14,"column":54}}],"line":14}},"s":{"0":11,"1":11,"2":11,"3":10,"4":11,"5":11,"6":11,"7":11},"f":{"0":11,"1":11,"2":10,"3":11},"b":{"0":[10,1]},"_coverageSchema":"332fd63041d2c1bcb487cc26dd0d5f7d97098a6c","hash":"1ac440770030b04fbf65b3bd2ec12d33a4cfd8aa"}
,"/Users/paulinez/Documents/mars-rover/src/helper.js": {"path":"/Users/paulinez/Documents/mars-rover/src/helper.js","statementMap":{"0":{"start":{"line":5,"column":29},"end":{"line":15,"column":1}},"1":{"start":{"line":17,"column":26},"end":{"line":27,"column":1}},"2":{"start":{"line":29,"column":35},"end":{"line":33,"column":1}},"3":{"start":{"line":35,"column":35},"end":{"line":35,"column":98}},"4":{"start":{"line":38,"column":28},"end":{"line":44,"column":1}},"5":{"start":{"line":39,"column":15},"end":{"line":39,"column":25}},"6":{"start":{"line":40,"column":15},"end":{"line":40,"column":33}},"7":{"start":{"line":41,"column":16},"end":{"line":41,"column":35}},"8":{"start":{"line":42,"column":14},"end":{"line":42,"column":28}},"9":{"start":{"line":43,"column":2},"end":{"line":43,"column":28}},"10":{"start":{"line":46,"column":36},"end":{"line":61,"column":1}},"11":{"start":{"line":47,"column":27},"end":{"line":47,"column":40}},"12":{"start":{"line":48,"column":19},"end":{"line":48,"column":47}},"13":{"start":{"line":49,"column":16},"end":{"line":49,"column":20}},"14":{"start":{"line":52,"column":2},"end":{"line":59,"column":3}},"15":{"start":{"line":53,"column":4},"end":{"line":53,"column":16}},"16":{"start":{"line":54,"column":9},"end":{"line":59,"column":3}},"17":{"start":{"line":55,"column":4},"end":{"line":55,"column":16}},"18":{"start":{"line":57,"column":4},"end":{"line":57,"column":42}},"19":{"start":{"line":58,"column":4},"end":{"line":58,"column":16}},"20":{"start":{"line":60,"column":2},"end":{"line":60,"column":37}},"21":{"start":{"line":63,"column":31},"end":{"line":66,"column":1}},"22":{"start":{"line":64,"column":14},"end":{"line":64,"column":32}},"23":{"start":{"line":65,"column":2},"end":{"line":65,"column":24}},"24":{"start":{"line":68,"column":35},"end":{"line":78,"column":1}},"25":{"start":{"line":69,"column":20},"end":{"line":69,"column":22}},"26":{"start":{"line":71,"column":2},"end":{"line":75,"column":3}},"27":{"start":{"line":72,"column":17},"end":{"line":72,"column":39}},"28":{"start":{"line":73,"column":16},"end":{"line":73,"column":196}},"29":{"start":{"line":74,"column":4},"end":{"line":74,"column":24}},"30":{"start":{"line":76,"column":17},"end":{"line":76,"column":40}},"31":{"start":{"line":77,"column":2},"end":{"line":77,"column":16}},"32":{"start":{"line":80,"column":27},"end":{"line":88,"column":1}},"33":{"start":{"line":82,"column":2},"end":{"line":86,"column":3}},"34":{"start":{"line":83,"column":4},"end":{"line":83,"column":58}},"35":{"start":{"line":83,"column":36},"end":{"line":83,"column":56}},"36":{"start":{"line":85,"column":4},"end":{"line":85,"column":31}},"37":{"start":{"line":87,"column":2},"end":{"line":87,"column":16}},"38":{"start":{"line":91,"column":29},"end":{"line":91,"column":64}},"39":{"start":{"line":92,"column":25},"end":{"line":96,"column":1}},"40":{"start":{"line":93,"column":29},"end":{"line":93,"column":38}},"41":{"start":{"line":94,"column":14},"end":{"line":94,"column":188}},"42":{"start":{"line":95,"column":2},"end":{"line":95,"column":13}},"43":{"start":{"line":97,"column":27},"end":{"line":102,"column":1}},"44":{"start":{"line":98,"column":2},"end":{"line":98,"column":45}},"45":{"start":{"line":99,"column":29},"end":{"line":99,"column":38}},"46":{"start":{"line":100,"column":14},"end":{"line":100,"column":179}},"47":{"start":{"line":101,"column":2},"end":{"line":101,"column":13}},"48":{"start":{"line":104,"column":33},"end":{"line":107,"column":1}},"49":{"start":{"line":105,"column":14},"end":{"line":105,"column":160}},"50":{"start":{"line":106,"column":2},"end":{"line":106,"column":13}},"51":{"start":{"line":109,"column":26},"end":{"line":109,"column":164}}},"fnMap":{"0":{"name":"(anonymous_0)","decl":{"start":{"line":38,"column":28},"end":{"line":38,"column":29}},"loc":{"start":{"line":38,"column":34},"end":{"line":44,"column":1}},"line":38},"1":{"name":"(anonymous_1)","decl":{"start":{"line":46,"column":36},"end":{"line":46,"column":37}},"loc":{"start":{"line":46,"column":53},"end":{"line":61,"column":1}},"line":46},"2":{"name":"(anonymous_2)","decl":{"start":{"line":63,"column":31},"end":{"line":63,"column":32}},"loc":{"start":{"line":63,"column":40},"end":{"line":66,"column":1}},"line":63},"3":{"name":"(anonymous_3)","decl":{"start":{"line":68,"column":35},"end":{"line":68,"column":36}},"loc":{"start":{"line":68,"column":44},"end":{"line":78,"column":1}},"line":68},"4":{"name":"(anonymous_4)","decl":{"start":{"line":80,"column":27},"end":{"line":80,"column":28}},"loc":{"start":{"line":80,"column":53},"end":{"line":88,"column":1}},"line":80},"5":{"name":"(anonymous_5)","decl":{"start":{"line":83,"column":26},"end":{"line":83,"column":27}},"loc":{"start":{"line":83,"column":36},"end":{"line":83,"column":56}},"line":83},"6":{"name":"(anonymous_6)","decl":{"start":{"line":92,"column":25},"end":{"line":92,"column":26}},"loc":{"start":{"line":92,"column":52},"end":{"line":96,"column":1}},"line":92},"7":{"name":"(anonymous_7)","decl":{"start":{"line":97,"column":27},"end":{"line":97,"column":28}},"loc":{"start":{"line":97,"column":42},"end":{"line":102,"column":1}},"line":97},"8":{"name":"(anonymous_8)","decl":{"start":{"line":104,"column":33},"end":{"line":104,"column":34}},"loc":{"start":{"line":104,"column":58},"end":{"line":107,"column":1}},"line":104}},"branchMap":{"0":{"loc":{"start":{"line":48,"column":19},"end":{"line":48,"column":47}},"type":"cond-expr","locations":[{"start":{"line":48,"column":33},"end":{"line":48,"column":35}},{"start":{"line":48,"column":38},"end":{"line":48,"column":47}}],"line":48},"1":{"loc":{"start":{"line":52,"column":2},"end":{"line":59,"column":3}},"type":"if","locations":[{"start":{"line":52,"column":2},"end":{"line":59,"column":3}},{"start":{"line":52,"column":2},"end":{"line":59,"column":3}}],"line":52},"2":{"loc":{"start":{"line":54,"column":9},"end":{"line":59,"column":3}},"type":"if","locations":[{"start":{"line":54,"column":9},"end":{"line":59,"column":3}},{"start":{"line":54,"column":9},"end":{"line":59,"column":3}}],"line":54},"3":{"loc":{"start":{"line":57,"column":14},"end":{"line":57,"column":41}},"type":"binary-expr","locations":[{"start":{"line":57,"column":14},"end":{"line":57,"column":29}},{"start":{"line":57,"column":33},"end":{"line":57,"column":41}}],"line":57},"4":{"loc":{"start":{"line":82,"column":2},"end":{"line":86,"column":3}},"type":"if","locations":[{"start":{"line":82,"column":2},"end":{"line":86,"column":3}},{"start":{"line":82,"column":2},"end":{"line":86,"column":3}}],"line":82}},"s":{"0":1,"1":1,"2":1,"3":1,"4":1,"5":4,"6":4,"7":4,"8":4,"9":4,"10":1,"11":5,"12":5,"13":5,"14":5,"15":1,"16":4,"17":3,"18":1,"19":1,"20":5,"21":1,"22":5,"23":5,"24":1,"25":143,"26":143,"27":858,"28":858,"29":858,"30":143,"31":143,"32":1,"33":8,"34":5,"35":7,"36":3,"37":8,"38":1,"39":1,"40":98,"41":98,"42":98,"43":1,"44":37,"45":37,"46":37,"47":37,"48":1,"49":7,"50":7,"51":1},"f":{"0":4,"1":5,"2":5,"3":143,"4":8,"5":7,"6":98,"7":37,"8":7},"b":{"0":[1,4],"1":[1,4],"2":[3,1],"3":[1,1],"4":[5,3]},"_coverageSchema":"332fd63041d2c1bcb487cc26dd0d5f7d97098a6c","hash":"5e4321cba8e70015cfc2e1e6ca64cbf48d203634"}
,"/Users/paulinez/Documents/mars-rover/src/index.js": {"path":"/Users/paulinez/Documents/mars-rover/src/index.js","statementMap":{"0":{"start":{"line":1,"column":32},"end":{"line":1,"column":83}},"1":{"start":{"line":1,"column":97},"end":{"line":1,"column":113}},"2":{"start":{"line":1,"column":128},"end":{"line":1,"column":158}},"3":{"start":{"line":2,"column":16},"end":{"line":2,"column":36}},"4":{"start":{"line":2,"column":54},"end":{"line":2,"column":87}},"5":{"start":{"line":3,"column":11},"end":{"line":3,"column":27}},"6":{"start":{"line":3,"column":40},"end":{"line":3,"column":68}},"7":{"start":{"line":3,"column":107},"end":{"line":3,"column":161}},"8":{"start":{"line":4,"column":0},"end":{"line":8,"column":33}}},"fnMap":{"0":{"name":"_interopRequireDefault","decl":{"start":{"line":3,"column":78},"end":{"line":3,"column":100}},"loc":{"start":{"line":3,"column":106},"end":{"line":3,"column":162}},"line":3}},"branchMap":{"0":{"loc":{"start":{"line":3,"column":114},"end":{"line":3,"column":160}},"type":"cond-expr","locations":[{"start":{"line":3,"column":138},"end":{"line":3,"column":141}},{"start":{"line":3,"column":144},"end":{"line":3,"column":160}}],"line":3},"1":{"loc":{"start":{"line":3,"column":114},"end":{"line":3,"column":135}},"type":"binary-expr","locations":[{"start":{"line":3,"column":114},"end":{"line":3,"column":117}},{"start":{"line":3,"column":121},"end":{"line":3,"column":135}}],"line":3}},"s":{"0":0,"1":0,"2":0,"3":0,"4":0,"5":0,"6":0,"7":0,"8":0},"f":{"0":0},"b":{"0":[0,0],"1":[0,0]}}
,"/Users/paulinez/Documents/mars-rover/src/infoData.js": {"path":"/Users/paulinez/Documents/mars-rover/src/infoData.js","statementMap":{"0":{"start":{"line":1,"column":13},"end":{"line":1,"column":75}},"1":{"start":{"line":2,"column":0},"end":{"line":2,"column":281}},"2":{"start":{"line":5,"column":0},"end":{"line":5,"column":373}},"3":{"start":{"line":8,"column":0},"end":{"line":8,"column":413}},"4":{"start":{"line":11,"column":0},"end":{"line":11,"column":171}},"5":{"start":{"line":13,"column":16},"end":{"line":13,"column":95}},"6":{"start":{"line":16,"column":0},"end":{"line":16,"column":283}},"7":{"start":{"line":19,"column":0},"end":{"line":19,"column":246}},"8":{"start":{"line":22,"column":0},"end":{"line":22,"column":434}},"9":{"start":{"line":25,"column":0},"end":{"line":25,"column":312}},"10":{"start":{"line":27,"column":17},"end":{"line":27,"column":82}},"11":{"start":{"line":27,"column":83},"end":{"line":29,"column":9}}},"fnMap":{},"branchMap":{},"s":{"0":0,"1":0,"2":0,"3":0,"4":0,"5":0,"6":0,"7":0,"8":0,"9":0,"10":0,"11":0},"f":{},"b":{}}
,"/Users/paulinez/Documents/mars-rover/src/Pages/Home.js": {"path":"/Users/paulinez/Documents/mars-rover/src/Pages/Home.js","statementMap":{"0":{"start":{"line":9,"column":20},"end":{"line":20,"column":1}},"1":{"start":{"line":23,"column":32},"end":{"line":23,"column":46}},"2":{"start":{"line":24,"column":30},"end":{"line":24,"column":42}},"3":{"start":{"line":25,"column":32},"end":{"line":25,"column":42}},"4":{"start":{"line":26,"column":32},"end":{"line":26,"column":42}},"5":{"start":{"line":27,"column":26},"end":{"line":27,"column":36}},"6":{"start":{"line":28,"column":24},"end":{"line":28,"column":38}},"7":{"start":{"line":29,"column":35},"end":{"line":29,"column":50}},"8":{"start":{"line":31,"column":2},"end":{"line":37,"column":9}},"9":{"start":{"line":32,"column":4},"end":{"line":32,"column":76}},"10":{"start":{"line":32,"column":47},"end":{"line":32,"column":76}},"11":{"start":{"line":33,"column":22},"end":{"line":33,"column":43}},"12":{"start":{"line":34,"column":4},"end":{"line":34,"column":25}},"13":{"start":{"line":35,"column":4},"end":{"line":35,"column":17}},"14":{"start":{"line":36,"column":4},"end":{"line":36,"column":14}},"15":{"start":{"line":39,"column":21},"end":{"line":41,"column":3}},"16":{"start":{"line":40,"column":4},"end":{"line":40,"column":17}},"17":{"start":{"line":43,"column":20},"end":{"line":45,"column":3}},"18":{"start":{"line":44,"column":4},"end":{"line":44,"column":20}},"19":{"start":{"line":47,"column":21},"end":{"line":49,"column":3}},"20":{"start":{"line":48,"column":4},"end":{"line":48,"column":21}},"21":{"start":{"line":51,"column":20},"end":{"line":92,"column":3}},"22":{"start":{"line":52,"column":29},"end":{"line":52,"column":38}},"23":{"start":{"line":53,"column":25},"end":{"line":53,"column":27}},"24":{"start":{"line":54,"column":26},"end":{"line":54,"column":28}},"25":{"start":{"line":55,"column":27},"end":{"line":55,"column":56}},"26":{"start":{"line":56,"column":4},"end":{"line":91,"column":9}},"27":{"start":{"line":59,"column":30},"end":{"line":59,"column":45}},"28":{"start":{"line":60,"column":8},"end":{"line":86,"column":9}},"29":{"start":{"line":61,"column":10},"end":{"line":66,"column":11}},"30":{"start":{"line":62,"column":38},"end":{"line":62,"column":78}},"31":{"start":{"line":63,"column":12},"end":{"line":63,"column":41}},"32":{"start":{"line":65,"column":12},"end":{"line":65,"column":46}},"33":{"start":{"line":68,"column":10},"end":{"line":85,"column":13}},"34":{"start":{"line":69,"column":24},"end":{"line":69,"column":63}},"35":{"start":{"line":70,"column":12},"end":{"line":84,"column":17}},"36":{"start":{"line":73,"column":38},"end":{"line":73,"column":53}},"37":{"start":{"line":74,"column":16},"end":{"line":79,"column":17}},"38":{"start":{"line":75,"column":18},"end":{"line":75,"column":25}},"39":{"start":{"line":77,"column":18},"end":{"line":77,"column":56}},"40":{"start":{"line":78,"column":18},"end":{"line":78,"column":74}},"41":{"start":{"line":82,"column":16},"end":{"line":82,"column":58}},"42":{"start":{"line":83,"column":16},"end":{"line":83,"column":44}},"43":{"start":{"line":90,"column":8},"end":{"line":90,"column":29}},"44":{"start":{"line":94,"column":21},"end":{"line":104,"column":3}},"45":{"start":{"line":95,"column":4},"end":{"line":103,"column":9}},"46":{"start":{"line":98,"column":8},"end":{"line":98,"column":29}},"47":{"start":{"line":99,"column":8},"end":{"line":99,"column":26}},"48":{"start":{"line":102,"column":8},"end":{"line":102,"column":29}},"49":{"start":{"line":106,"column":18},"end":{"line":124,"column":3}},"50":{"start":{"line":107,"column":4},"end":{"line":123,"column":9}},"51":{"start":{"line":110,"column":29},"end":{"line":110,"column":37}},"52":{"start":{"line":111,"column":33},"end":{"line":117,"column":14}},"53":{"start":{"line":112,"column":27},"end":{"line":114,"column":12}},"54":{"start":{"line":113,"column":12},"end":{"line":113,"column":47}},"55":{"start":{"line":115,"column":10},"end":{"line":115,"column":41}},"56":{"start":{"line":116,"column":10},"end":{"line":116,"column":21}},"57":{"start":{"line":118,"column":8},"end":{"line":118,"column":34}},"58":{"start":{"line":119,"column":8},"end":{"line":119,"column":26}},"59":{"start":{"line":122,"column":8},"end":{"line":122,"column":29}},"60":{"start":{"line":126,"column":24},"end":{"line":234,"column":3}},"61":{"start":{"line":137,"column":8},"end":{"line":137,"column":15}},"62":{"start":{"line":139,"column":22},"end":{"line":139,"column":79}},"63":{"start":{"line":140,"column":20},"end":{"line":140,"column":63}},"64":{"start":{"line":141,"column":38},"end":{"line":141,"column":47}},"65":{"start":{"line":143,"column":20},"end":{"line":143,"column":60}},"66":{"start":{"line":144,"column":27},"end":{"line":144,"column":40}},"67":{"start":{"line":145,"column":22},"end":{"line":145,"column":54}},"68":{"start":{"line":148,"column":4},"end":{"line":153,"column":5}},"69":{"start":{"line":149,"column":6},"end":{"line":152,"column":7}},"70":{"start":{"line":150,"column":8},"end":{"line":150,"column":36}},"71":{"start":{"line":151,"column":8},"end":{"line":151,"column":14}},"72":{"start":{"line":155,"column":4},"end":{"line":233,"column":6}},"73":{"start":{"line":201,"column":34},"end":{"line":201,"column":49}},"74":{"start":{"line":202,"column":18},"end":{"line":206,"column":20}},"75":{"start":{"line":236,"column":21},"end":{"line":262,"column":3}},"76":{"start":{"line":237,"column":18},"end":{"line":237,"column":28}},"77":{"start":{"line":238,"column":25},"end":{"line":238,"column":89}},"78":{"start":{"line":239,"column":4},"end":{"line":261,"column":6}},"79":{"start":{"line":243,"column":21},"end":{"line":243,"column":54}},"80":{"start":{"line":244,"column":58},"end":{"line":244,"column":65}},"81":{"start":{"line":245,"column":10},"end":{"line":258,"column":12}},"82":{"start":{"line":264,"column":27},"end":{"line":277,"column":3}},"83":{"start":{"line":265,"column":4},"end":{"line":276,"column":6}},"84":{"start":{"line":279,"column":2},"end":{"line":288,"column":4}}},"fnMap":{"0":{"name":"Home","decl":{"start":{"line":22,"column":24},"end":{"line":22,"column":28}},"loc":{"start":{"line":22,"column":31},"end":{"line":289,"column":1}},"line":22},"1":{"name":"(anonymous_1)","decl":{"start":{"line":31,"column":12},"end":{"line":31,"column":13}},"loc":{"start":{"line":31,"column":18},"end":{"line":37,"column":3}},"line":31},"2":{"name":"(anonymous_2)","decl":{"start":{"line":39,"column":21},"end":{"line":39,"column":22}},"loc":{"start":{"line":39,"column":27},"end":{"line":41,"column":3}},"line":39},"3":{"name":"(anonymous_3)","decl":{"start":{"line":43,"column":20},"end":{"line":43,"column":21}},"loc":{"start":{"line":43,"column":26},"end":{"line":45,"column":3}},"line":43},"4":{"name":"(anonymous_4)","decl":{"start":{"line":47,"column":21},"end":{"line":47,"column":22}},"loc":{"start":{"line":47,"column":27},"end":{"line":49,"column":3}},"line":47},"5":{"name":"(anonymous_5)","decl":{"start":{"line":51,"column":20},"end":{"line":51,"column":21}},"loc":{"start":{"line":51,"column":35},"end":{"line":92,"column":3}},"line":51},"6":{"name":"(anonymous_6)","decl":{"start":{"line":58,"column":12},"end":{"line":58,"column":13}},"loc":{"start":{"line":58,"column":21},"end":{"line":87,"column":7}},"line":58},"7":{"name":"(anonymous_7)","decl":{"start":{"line":68,"column":45},"end":{"line":68,"column":46}},"loc":{"start":{"line":68,"column":61},"end":{"line":85,"column":11}},"line":68},"8":{"name":"(anonymous_8)","decl":{"start":{"line":72,"column":20},"end":{"line":72,"column":21}},"loc":{"start":{"line":72,"column":29},"end":{"line":80,"column":15}},"line":72},"9":{"name":"(anonymous_9)","decl":{"start":{"line":81,"column":23},"end":{"line":81,"column":24}},"loc":{"start":{"line":81,"column":29},"end":{"line":84,"column":15}},"line":81},"10":{"name":"(anonymous_10)","decl":{"start":{"line":89,"column":13},"end":{"line":89,"column":14}},"loc":{"start":{"line":89,"column":24},"end":{"line":91,"column":7}},"line":89},"11":{"name":"(anonymous_11)","decl":{"start":{"line":94,"column":21},"end":{"line":94,"column":22}},"loc":{"start":{"line":94,"column":27},"end":{"line":104,"column":3}},"line":94},"12":{"name":"(anonymous_12)","decl":{"start":{"line":97,"column":12},"end":{"line":97,"column":13}},"loc":{"start":{"line":97,"column":21},"end":{"line":100,"column":7}},"line":97},"13":{"name":"(anonymous_13)","decl":{"start":{"line":101,"column":13},"end":{"line":101,"column":14}},"loc":{"start":{"line":101,"column":24},"end":{"line":103,"column":7}},"line":101},"14":{"name":"(anonymous_14)","decl":{"start":{"line":106,"column":18},"end":{"line":106,"column":19}},"loc":{"start":{"line":106,"column":24},"end":{"line":124,"column":3}},"line":106},"15":{"name":"(anonymous_15)","decl":{"start":{"line":109,"column":12},"end":{"line":109,"column":13}},"loc":{"start":{"line":109,"column":21},"end":{"line":120,"column":7}},"line":109},"16":{"name":"(anonymous_16)","decl":{"start":{"line":111,"column":49},"end":{"line":111,"column":50}},"loc":{"start":{"line":111,"column":67},"end":{"line":117,"column":9}},"line":111},"17":{"name":"(anonymous_17)","decl":{"start":{"line":112,"column":36},"end":{"line":112,"column":37}},"loc":{"start":{"line":112,"column":45},"end":{"line":114,"column":11}},"line":112},"18":{"name":"(anonymous_18)","decl":{"start":{"line":121,"column":13},"end":{"line":121,"column":14}},"loc":{"start":{"line":121,"column":24},"end":{"line":123,"column":7}},"line":121},"19":{"name":"(anonymous_19)","decl":{"start":{"line":126,"column":24},"end":{"line":126,"column":25}},"loc":{"start":{"line":126,"column":30},"end":{"line":234,"column":3}},"line":126},"20":{"name":"(anonymous_20)","decl":{"start":{"line":200,"column":30},"end":{"line":200,"column":31}},"loc":{"start":{"line":200,"column":47},"end":{"line":207,"column":17}},"line":200},"21":{"name":"(anonymous_21)","decl":{"start":{"line":236,"column":21},"end":{"line":236,"column":22}},"loc":{"start":{"line":236,"column":27},"end":{"line":262,"column":3}},"line":236},"22":{"name":"(anonymous_22)","decl":{"start":{"line":242,"column":18},"end":{"line":242,"column":19}},"loc":{"start":{"line":242,"column":38},"end":{"line":259,"column":9}},"line":242},"23":{"name":"(anonymous_23)","decl":{"start":{"line":264,"column":27},"end":{"line":264,"column":28}},"loc":{"start":{"line":264,"column":33},"end":{"line":277,"column":3}},"line":264}},"branchMap":{"0":{"loc":{"start":{"line":32,"column":4},"end":{"line":32,"column":76}},"type":"if","locations":[{"start":{"line":32,"column":4},"end":{"line":32,"column":76}},{"start":{"line":32,"column":4},"end":{"line":32,"column":76}}],"line":32},"1":{"loc":{"start":{"line":60,"column":8},"end":{"line":86,"column":9}},"type":"if","locations":[{"start":{"line":60,"column":8},"end":{"line":86,"column":9}},{"start":{"line":60,"column":8},"end":{"line":86,"column":9}}],"line":60},"2":{"loc":{"start":{"line":61,"column":10},"end":{"line":66,"column":11}},"type":"if","locations":[{"start":{"line":61,"column":10},"end":{"line":66,"column":11}},{"start":{"line":61,"column":10},"end":{"line":66,"column":11}}],"line":61},"3":{"loc":{"start":{"line":74,"column":16},"end":{"line":79,"column":17}},"type":"if","locations":[{"start":{"line":74,"column":16},"end":{"line":79,"column":17}},{"start":{"line":74,"column":16},"end":{"line":79,"column":17}}],"line":74},"4":{"loc":{"start":{"line":115,"column":10},"end":{"line":115,"column":40}},"type":"binary-expr","locations":[{"start":{"line":115,"column":10},"end":{"line":115,"column":19}},{"start":{"line":115,"column":23},"end":{"line":115,"column":40}}],"line":115},"5":{"loc":{"start":{"line":149,"column":6},"end":{"line":152,"column":7}},"type":"if","locations":[{"start":{"line":149,"column":6},"end":{"line":152,"column":7}},{"start":{"line":149,"column":6},"end":{"line":152,"column":7}}],"line":149},"6":{"loc":{"start":{"line":162,"column":60},"end":{"line":162,"column":76}},"type":"binary-expr","locations":[{"start":{"line":162,"column":60},"end":{"line":162,"column":63}},{"start":{"line":162,"column":67},"end":{"line":162,"column":76}}],"line":162},"7":{"loc":{"start":{"line":172,"column":60},"end":{"line":172,"column":77}},"type":"binary-expr","locations":[{"start":{"line":172,"column":60},"end":{"line":172,"column":64}},{"start":{"line":172,"column":68},"end":{"line":172,"column":77}}],"line":172},"8":{"loc":{"start":{"line":193,"column":27},"end":{"line":193,"column":84}},"type":"cond-expr","locations":[{"start":{"line":193,"column":67},"end":{"line":193,"column":72}},{"start":{"line":193,"column":75},"end":{"line":193,"column":84}}],"line":193},"9":{"loc":{"start":{"line":214,"column":21},"end":{"line":214,"column":84}},"type":"cond-expr","locations":[{"start":{"line":214,"column":27},"end":{"line":214,"column":42}},{"start":{"line":214,"column":45},"end":{"line":214,"column":84}}],"line":214},"10":{"loc":{"start":{"line":217,"column":20},"end":{"line":217,"column":83}},"type":"cond-expr","locations":[{"start":{"line":217,"column":26},"end":{"line":217,"column":41}},{"start":{"line":217,"column":44},"end":{"line":217,"column":83}}],"line":217},"11":{"loc":{"start":{"line":219,"column":52},"end":{"line":219,"column":83}},"type":"cond-expr","locations":[{"start":{"line":219,"column":65},"end":{"line":219,"column":75}},{"start":{"line":219,"column":78},"end":{"line":219,"column":83}}],"line":219},"12":{"loc":{"start":{"line":221,"column":31},"end":{"line":221,"column":79}},"type":"cond-expr","locations":[{"start":{"line":221,"column":48},"end":{"line":221,"column":71}},{"start":{"line":221,"column":74},"end":{"line":221,"column":79}}],"line":221},"13":{"loc":{"start":{"line":281,"column":20},"end":{"line":281,"column":62}},"type":"cond-expr","locations":[{"start":{"line":281,"column":30},"end":{"line":281,"column":50}},{"start":{"line":281,"column":53},"end":{"line":281,"column":62}}],"line":281},"14":{"loc":{"start":{"line":281,"column":65},"end":{"line":281,"column":88}},"type":"binary-expr","locations":[{"start":{"line":281,"column":65},"end":{"line":281,"column":72}},{"start":{"line":281,"column":76},"end":{"line":281,"column":88}}],"line":281},"15":{"loc":{"start":{"line":283,"column":9},"end":{"line":283,"column":35}},"type":"binary-expr","locations":[{"start":{"line":283,"column":9},"end":{"line":283,"column":16}},{"start":{"line":283,"column":20},"end":{"line":283,"column":35}}],"line":283},"16":{"loc":{"start":{"line":284,"column":9},"end":{"line":284,"column":66}},"type":"binary-expr","locations":[{"start":{"line":284,"column":9},"end":{"line":284,"column":28}},{"start":{"line":284,"column":32},"end":{"line":284,"column":44}},{"start":{"line":284,"column":48},"end":{"line":284,"column":66}}],"line":284},"17":{"loc":{"start":{"line":286,"column":35},"end":{"line":286,"column":55}},"type":"binary-expr","locations":[{"start":{"line":286,"column":35},"end":{"line":286,"column":39}},{"start":{"line":286,"column":43},"end":{"line":286,"column":55}}],"line":286}},"s":{"0":1,"1":274,"2":274,"3":274,"4":274,"5":274,"6":274,"7":274,"8":274,"9":15,"10":0,"11":15,"12":15,"13":15,"14":15,"15":274,"16":3,"17":274,"18":2,"19":274,"20":1,"21":274,"22":18,"23":18,"24":18,"25":18,"26":18,"27":17,"28":17,"29":3,"30":2,"31":2,"32":1,"33":14,"34":98,"35":98,"36":98,"37":98,"38":4,"39":94,"40":94,"41":98,"42":98,"43":1,"44":274,"45":15,"46":14,"47":14,"48":1,"49":274,"50":15,"51":14,"52":14,"53":28,"54":14,"55":28,"56":28,"57":14,"58":14,"59":1,"60":274,"61":259,"62":259,"63":259,"64":259,"65":259,"66":259,"67":259,"68":259,"69":403,"70":259,"71":259,"72":259,"73":2331,"74":2331,"75":274,"76":231,"77":231,"78":231,"79":231,"80":231,"81":231,"82":274,"83":201,"84":274},"f":{"0":274,"1":15,"2":3,"3":2,"4":1,"5":18,"6":17,"7":98,"8":98,"9":98,"10":1,"11":15,"12":14,"13":1,"14":15,"15":14,"16":28,"17":14,"18":1,"19":259,"20":2331,"21":231,"22":231,"23":201},"b":{"0":[0,15],"1":[3,14],"2":[2,1],"3":[4,94],"4":[28,14],"5":[259,144],"6":[259,257],"7":[259,2],"8":[259,0],"9":[257,2],"10":[257,2],"11":[187,72],"12":[187,72],"13":[29,245],"14":[274,29],"15":[274,259],"16":[274,203,201],"17":[274,231]},"_coverageSchema":"332fd63041d2c1bcb487cc26dd0d5f7d97098a6c","hash":"67863ecadeffb4bbc920e2bc7491592b019551df"}
,"/Users/paulinez/Documents/mars-rover/src/Pages/Likes.js": {"path":"/Users/paulinez/Documents/mars-rover/src/Pages/Likes.js","statementMap":{"0":{"start":{"line":5,"column":2},"end":{"line":9,"column":4}}},"fnMap":{"0":{"name":"Likes","decl":{"start":{"line":4,"column":24},"end":{"line":4,"column":29}},"loc":{"start":{"line":4,"column":32},"end":{"line":10,"column":1}},"line":4}},"branchMap":{},"s":{"0":1},"f":{"0":1},"b":{},"_coverageSchema":"332fd63041d2c1bcb487cc26dd0d5f7d97098a6c","hash":"592aee5ecc81391b5131ae462757e004070e09ff"}
,"/Users/paulinez/Documents/mars-rover/src/Pages/Search.js": {"path":"/Users/paulinez/Documents/mars-rover/src/Pages/Search.js","statementMap":{"0":{"start":{"line":7,"column":29},"end":{"line":7,"column":50}},"1":{"start":{"line":8,"column":44},"end":{"line":8,"column":54}},"2":{"start":{"line":9,"column":46},"end":{"line":9,"column":56}},"3":{"start":{"line":10,"column":42},"end":{"line":12,"column":3}},"4":{"start":{"line":13,"column":30},"end":{"line":13,"column":42}},"5":{"start":{"line":14,"column":44},"end":{"line":14,"column":59}},"6":{"start":{"line":15,"column":32},"end":{"line":15,"column":47}},"7":{"start":{"line":17,"column":26},"end":{"line":29,"column":3}},"8":{"start":{"line":18,"column":30},"end":{"line":18,"column":66}},"9":{"start":{"line":19,"column":25},"end":{"line":19,"column":97}},"10":{"start":{"line":20,"column":4},"end":{"line":28,"column":9}},"11":{"start":{"line":23,"column":8},"end":{"line":23,"column":35}},"12":{"start":{"line":24,"column":8},"end":{"line":24,"column":31}},"13":{"start":{"line":27,"column":8},"end":{"line":27,"column":29}},"14":{"start":{"line":31,"column":22},"end":{"line":38,"column":3}},"15":{"start":{"line":32,"column":4},"end":{"line":32,"column":22}},"16":{"start":{"line":33,"column":4},"end":{"line":37,"column":5}},"17":{"start":{"line":34,"column":6},"end":{"line":34,"column":24}},"18":{"start":{"line":36,"column":6},"end":{"line":36,"column":23}},"19":{"start":{"line":40,"column":2},"end":{"line":117,"column":4}},"20":{"start":{"line":48,"column":12},"end":{"line":48,"column":45}},"21":{"start":{"line":65,"column":12},"end":{"line":65,"column":46}},"22":{"start":{"line":71,"column":37},"end":{"line":71,"column":84}},"23":{"start":{"line":72,"column":28},"end":{"line":72,"column":73}},"24":{"start":{"line":73,"column":12},"end":{"line":82,"column":14}},"25":{"start":{"line":95,"column":12},"end":{"line":95,"column":44}}},"fnMap":{"0":{"name":"Search","decl":{"start":{"line":6,"column":24},"end":{"line":6,"column":30}},"loc":{"start":{"line":6,"column":33},"end":{"line":118,"column":1}},"line":6},"1":{"name":"(anonymous_1)","decl":{"start":{"line":17,"column":26},"end":{"line":17,"column":27}},"loc":{"start":{"line":17,"column":32},"end":{"line":29,"column":3}},"line":17},"2":{"name":"(anonymous_2)","decl":{"start":{"line":22,"column":12},"end":{"line":22,"column":13}},"loc":{"start":{"line":22,"column":21},"end":{"line":25,"column":7}},"line":22},"3":{"name":"(anonymous_3)","decl":{"start":{"line":26,"column":13},"end":{"line":26,"column":14}},"loc":{"start":{"line":26,"column":24},"end":{"line":28,"column":7}},"line":26},"4":{"name":"(anonymous_4)","decl":{"start":{"line":31,"column":22},"end":{"line":31,"column":23}},"loc":{"start":{"line":31,"column":28},"end":{"line":38,"column":3}},"line":31},"5":{"name":"(anonymous_5)","decl":{"start":{"line":47,"column":20},"end":{"line":47,"column":21}},"loc":{"start":{"line":47,"column":27},"end":{"line":49,"column":11}},"line":47},"6":{"name":"(anonymous_6)","decl":{"start":{"line":64,"column":20},"end":{"line":64,"column":21}},"loc":{"start":{"line":64,"column":27},"end":{"line":66,"column":11}},"line":64},"7":{"name":"(anonymous_7)","decl":{"start":{"line":70,"column":33},"end":{"line":70,"column":34}},"loc":{"start":{"line":70,"column":52},"end":{"line":83,"column":11}},"line":70},"8":{"name":"(anonymous_8)","decl":{"start":{"line":94,"column":20},"end":{"line":94,"column":21}},"loc":{"start":{"line":94,"column":27},"end":{"line":96,"column":11}},"line":94}},"branchMap":{"0":{"loc":{"start":{"line":11,"column":15},"end":{"line":11,"column":46}},"type":"cond-expr","locations":[{"start":{"line":11,"column":27},"end":{"line":11,"column":32}},{"start":{"line":11,"column":35},"end":{"line":11,"column":46}}],"line":11},"1":{"loc":{"start":{"line":11,"column":50},"end":{"line":11,"column":75}},"type":"cond-expr","locations":[{"start":{"line":11,"column":60},"end":{"line":11,"column":63}},{"start":{"line":11,"column":66},"end":{"line":11,"column":75}}],"line":11},"2":{"loc":{"start":{"line":33,"column":4},"end":{"line":37,"column":5}},"type":"if","locations":[{"start":{"line":33,"column":4},"end":{"line":37,"column":5}},{"start":{"line":33,"column":4},"end":{"line":37,"column":5}}],"line":33},"3":{"loc":{"start":{"line":33,"column":8},"end":{"line":33,"column":39}},"type":"binary-expr","locations":[{"start":{"line":33,"column":8},"end":{"line":33,"column":21}},{"start":{"line":33,"column":25},"end":{"line":33,"column":39}}],"line":33},"4":{"loc":{"start":{"line":67,"column":20},"end":{"line":67,"column":42}},"type":"binary-expr","locations":[{"start":{"line":67,"column":20},"end":{"line":67,"column":34}},{"start":{"line":67,"column":38},"end":{"line":67,"column":42}}],"line":67},"5":{"loc":{"start":{"line":71,"column":37},"end":{"line":71,"column":84}},"type":"binary-expr","locations":[{"start":{"line":71,"column":37},"end":{"line":71,"column":78}},{"start":{"line":71,"column":82},"end":{"line":71,"column":84}}],"line":71},"6":{"loc":{"start":{"line":72,"column":28},"end":{"line":72,"column":73}},"type":"binary-expr","locations":[{"start":{"line":72,"column":28},"end":{"line":72,"column":65}},{"start":{"line":72,"column":69},"end":{"line":72,"column":73}}],"line":72},"7":{"loc":{"start":{"line":75,"column":29},"end":{"line":75,"column":75}},"type":"cond-expr","locations":[{"start":{"line":75,"column":43},"end":{"line":75,"column":57}},{"start":{"line":75,"column":60},"end":{"line":75,"column":75}}],"line":75},"8":{"loc":{"start":{"line":110,"column":64},"end":{"line":110,"column":87}},"type":"cond-expr","locations":[{"start":{"line":110,"column":74},"end":{"line":110,"column":82}},{"start":{"line":110,"column":85},"end":{"line":110,"column":87}}],"line":110},"9":{"loc":{"start":{"line":113,"column":9},"end":{"line":113,"column":64}},"type":"cond-expr","locations":[{"start":{"line":113,"column":26},"end":{"line":113,"column":43}},{"start":{"line":113,"column":46},"end":{"line":113,"column":64}}],"line":113},"10":{"loc":{"start":{"line":115,"column":38},"end":{"line":115,"column":84}},"type":"binary-expr","locations":[{"start":{"line":115,"column":38},"end":{"line":115,"column":51}},{"start":{"line":115,"column":55},"end":{"line":115,"column":84}}],"line":115}},"s":{"0":19,"1":19,"2":19,"3":19,"4":19,"5":19,"6":19,"7":19,"8":3,"9":3,"10":3,"11":2,"12":2,"13":1,"14":19,"15":4,"16":4,"17":3,"18":1,"19":19,"20":4,"21":3,"22":171,"23":171,"24":171,"25":3},"f":{"0":19,"1":3,"2":2,"3":1,"4":4,"5":4,"6":3,"7":171,"8":3},"b":{"0":[0,19],"1":[0,19],"2":[3,1],"3":[4,4],"4":[19,4],"5":[171,36],"6":[171,66],"7":[19,152],"8":[1,18],"9":[4,15],"10":[19,2]},"_coverageSchema":"332fd63041d2c1bcb487cc26dd0d5f7d97098a6c","hash":"3e52fd797f7e4f9d1051eef3ac5c5376ce9d3b3d"}
,"/Users/paulinez/Documents/mars-rover/src/Pages/infoData.js": {"path":"/Users/paulinez/Documents/mars-rover/src/Pages/infoData.js","statementMap":{"0":{"start":{"line":2,"column":2},"end":{"line":2,"column":283}},"1":{"start":{"line":5,"column":2},"end":{"line":5,"column":375}},"2":{"start":{"line":8,"column":2},"end":{"line":8,"column":415}},"3":{"start":{"line":11,"column":2},"end":{"line":11,"column":173}},"4":{"start":{"line":13,"column":16},"end":{"line":13,"column":95}},"5":{"start":{"line":16,"column":2},"end":{"line":16,"column":285}},"6":{"start":{"line":19,"column":2},"end":{"line":19,"column":248}},"7":{"start":{"line":22,"column":2},"end":{"line":22,"column":436}},"8":{"start":{"line":25,"column":2},"end":{"line":25,"column":314}},"9":{"start":{"line":27,"column":17},"end":{"line":27,"column":82}}},"fnMap":{},"branchMap":{},"s":{"0":1,"1":1,"2":1,"3":1,"4":1,"5":1,"6":1,"7":1,"8":1,"9":1},"f":{},"b":{},"_coverageSchema":"332fd63041d2c1bcb487cc26dd0d5f7d97098a6c","hash":"f67744d5c6bb4aa3586ca802a3b4c44bb5c1b83d"}
,"/Users/paulinez/Documents/mars-rover/src/__test__/fake.data.js": {"path":"/Users/paulinez/Documents/mars-rover/src/__test__/fake.data.js","statementMap":{"0":{"start":{"line":1,"column":28},"end":{"line":13,"column":1}},"1":{"start":{"line":15,"column":28},"end":{"line":27,"column":1}},"2":{"start":{"line":30,"column":2},"end":{"line":30,"column":133}},"3":{"start":{"line":32,"column":26},"end":{"line":42,"column":1}},"4":{"start":{"line":44,"column":26},"end":{"line":54,"column":1}},"5":{"start":{"line":66,"column":24},"end":{"line":83,"column":1}}},"fnMap":{},"branchMap":{},"s":{"0":1,"1":1,"2":1,"3":1,"4":1,"5":1},"f":{},"b":{},"_coverageSchema":"332fd63041d2c1bcb487cc26dd0d5f7d97098a6c","hash":"54533db9cd4599a263f3bea90897cd2d7b9b4080"}
,"/Users/paulinez/Documents/mars-rover/src/__test__/localStorage.js": {"path":"/Users/paulinez/Documents/mars-rover/src/__test__/localStorage.js","statementMap":{"0":{"start":{"line":2,"column":18},"end":{"line":2,"column":51}},"1":{"start":{"line":6,"column":27},"end":{"line":6,"column":48}},"2":{"start":{"line":7,"column":21},"end":{"line":7,"column":36}}},"fnMap":{"0":{"name":"(anonymous_0)","decl":{"start":{"line":6,"column":12},"end":{"line":6,"column":13}},"loc":{"start":{"line":6,"column":27},"end":{"line":6,"column":48}},"line":6},"1":{"name":"(anonymous_1)","decl":{"start":{"line":7,"column":12},"end":{"line":7,"column":13}},"loc":{"start":{"line":7,"column":21},"end":{"line":7,"column":36}},"line":7}},"branchMap":{},"s":{"0":1,"1":48,"2":18},"f":{"0":48,"1":18},"b":{},"_coverageSchema":"332fd63041d2c1bcb487cc26dd0d5f7d97098a6c","hash":"9fdeee778f2ecd1c330c2bd7afa3c4c40a2ea18f"}
,"/Users/paulinez/Documents/mars-rover/src/components/ImageCards.js": {"path":"/Users/paulinez/Documents/mars-rover/src/components/ImageCards.js","statementMap":{"0":{"start":{"line":7,"column":28},"end":{"line":7,"column":40}},"1":{"start":{"line":8,"column":40},"end":{"line":8,"column":52}},"2":{"start":{"line":10,"column":2},"end":{"line":13,"column":9}},"3":{"start":{"line":11,"column":22},"end":{"line":11,"column":70}},"4":{"start":{"line":12,"column":4},"end":{"line":12,"column":30}},"5":{"start":{"line":15,"column":2},"end":{"line":17,"column":14}},"6":{"start":{"line":16,"column":4},"end":{"line":16,"column":64}},"7":{"start":{"line":19,"column":21},"end":{"line":25,"column":3}},"8":{"start":{"line":20,"column":4},"end":{"line":20,"column":51}},"9":{"start":{"line":21,"column":21},"end":{"line":21,"column":61}},"10":{"start":{"line":22,"column":4},"end":{"line":22,"column":23}},"11":{"start":{"line":23,"column":4},"end":{"line":23,"column":67}},"12":{"start":{"line":24,"column":4},"end":{"line":24,"column":16}},"13":{"start":{"line":27,"column":20},"end":{"line":31,"column":3}},"14":{"start":{"line":28,"column":4},"end":{"line":30,"column":13}},"15":{"start":{"line":29,"column":6},"end":{"line":29,"column":25}},"16":{"start":{"line":33,"column":15},"end":{"line":38,"column":3}},"17":{"start":{"line":34,"column":21},"end":{"line":34,"column":46}},"18":{"start":{"line":35,"column":4},"end":{"line":35,"column":23}},"19":{"start":{"line":36,"column":4},"end":{"line":36,"column":23}},"20":{"start":{"line":37,"column":4},"end":{"line":37,"column":67}},"21":{"start":{"line":40,"column":23},"end":{"line":76,"column":3}},"22":{"start":{"line":41,"column":4},"end":{"line":75,"column":7}},"23":{"start":{"line":42,"column":53},"end":{"line":42,"column":58}},"24":{"start":{"line":43,"column":6},"end":{"line":74,"column":8}},"25":{"start":{"line":58,"column":36},"end":{"line":58,"column":56}},"26":{"start":{"line":62,"column":33},"end":{"line":62,"column":60}},"27":{"start":{"line":68,"column":33},"end":{"line":68,"column":58}},"28":{"start":{"line":78,"column":22},"end":{"line":107,"column":3}},"29":{"start":{"line":79,"column":4},"end":{"line":106,"column":7}},"30":{"start":{"line":80,"column":53},"end":{"line":80,"column":58}},"31":{"start":{"line":81,"column":6},"end":{"line":105,"column":8}},"32":{"start":{"line":99,"column":29},"end":{"line":99,"column":56}},"33":{"start":{"line":108,"column":22},"end":{"line":147,"column":3}},"34":{"start":{"line":109,"column":4},"end":{"line":146,"column":6}},"35":{"start":{"line":112,"column":25},"end":{"line":112,"column":47}},"36":{"start":{"line":113,"column":10},"end":{"line":143,"column":12}},"37":{"start":{"line":127,"column":42},"end":{"line":127,"column":62}},"38":{"start":{"line":130,"column":39},"end":{"line":130,"column":66}},"39":{"start":{"line":135,"column":39},"end":{"line":135,"column":64}},"40":{"start":{"line":149,"column":24},"end":{"line":155,"column":3}},"41":{"start":{"line":150,"column":4},"end":{"line":154,"column":6}},"42":{"start":{"line":157,"column":2},"end":{"line":177,"column":4}}},"fnMap":{"0":{"name":"ImageCards","decl":{"start":{"line":6,"column":24},"end":{"line":6,"column":33}},"loc":{"start":{"line":6,"column":80},"end":{"line":178,"column":1}},"line":6},"1":{"name":"(anonymous_1)","decl":{"start":{"line":10,"column":12},"end":{"line":10,"column":13}},"loc":{"start":{"line":10,"column":18},"end":{"line":13,"column":3}},"line":10},"2":{"name":"(anonymous_2)","decl":{"start":{"line":15,"column":12},"end":{"line":15,"column":13}},"loc":{"start":{"line":15,"column":18},"end":{"line":17,"column":3}},"line":15},"3":{"name":"(anonymous_3)","decl":{"start":{"line":19,"column":21},"end":{"line":19,"column":22}},"loc":{"start":{"line":19,"column":40},"end":{"line":25,"column":3}},"line":19},"4":{"name":"(anonymous_4)","decl":{"start":{"line":27,"column":20},"end":{"line":27,"column":21}},"loc":{"start":{"line":27,"column":26},"end":{"line":31,"column":3}},"line":27},"5":{"name":"(anonymous_5)","decl":{"start":{"line":28,"column":15},"end":{"line":28,"column":16}},"loc":{"start":{"line":28,"column":21},"end":{"line":30,"column":5}},"line":28},"6":{"name":"(anonymous_6)","decl":{"start":{"line":33,"column":15},"end":{"line":33,"column":16}},"loc":{"start":{"line":33,"column":21},"end":{"line":38,"column":3}},"line":33},"7":{"name":"(anonymous_7)","decl":{"start":{"line":40,"column":23},"end":{"line":40,"column":24}},"loc":{"start":{"line":40,"column":29},"end":{"line":76,"column":3}},"line":40},"8":{"name":"(anonymous_8)","decl":{"start":{"line":41,"column":22},"end":{"line":41,"column":23}},"loc":{"start":{"line":41,"column":40},"end":{"line":75,"column":5}},"line":41},"9":{"name":"(anonymous_9)","decl":{"start":{"line":58,"column":26},"end":{"line":58,"column":27}},"loc":{"start":{"line":58,"column":36},"end":{"line":58,"column":56}},"line":58},"10":{"name":"(anonymous_10)","decl":{"start":{"line":62,"column":27},"end":{"line":62,"column":28}},"loc":{"start":{"line":62,"column":33},"end":{"line":62,"column":60}},"line":62},"11":{"name":"(anonymous_11)","decl":{"start":{"line":68,"column":27},"end":{"line":68,"column":28}},"loc":{"start":{"line":68,"column":33},"end":{"line":68,"column":58}},"line":68},"12":{"name":"(anonymous_12)","decl":{"start":{"line":78,"column":22},"end":{"line":78,"column":23}},"loc":{"start":{"line":78,"column":28},"end":{"line":107,"column":3}},"line":78},"13":{"name":"(anonymous_13)","decl":{"start":{"line":79,"column":21},"end":{"line":79,"column":22}},"loc":{"start":{"line":79,"column":39},"end":{"line":106,"column":5}},"line":79},"14":{"name":"(anonymous_14)","decl":{"start":{"line":99,"column":23},"end":{"line":99,"column":24}},"loc":{"start":{"line":99,"column":29},"end":{"line":99,"column":56}},"line":99},"15":{"name":"(anonymous_15)","decl":{"start":{"line":108,"column":22},"end":{"line":108,"column":23}},"loc":{"start":{"line":108,"column":28},"end":{"line":147,"column":3}},"line":108},"16":{"name":"(anonymous_16)","decl":{"start":{"line":111,"column":20},"end":{"line":111,"column":21}},"loc":{"start":{"line":111,"column":38},"end":{"line":144,"column":9}},"line":111},"17":{"name":"(anonymous_17)","decl":{"start":{"line":127,"column":32},"end":{"line":127,"column":33}},"loc":{"start":{"line":127,"column":42},"end":{"line":127,"column":62}},"line":127},"18":{"name":"(anonymous_18)","decl":{"start":{"line":130,"column":33},"end":{"line":130,"column":34}},"loc":{"start":{"line":130,"column":39},"end":{"line":130,"column":66}},"line":130},"19":{"name":"(anonymous_19)","decl":{"start":{"line":135,"column":33},"end":{"line":135,"column":34}},"loc":{"start":{"line":135,"column":39},"end":{"line":135,"column":64}},"line":135},"20":{"name":"(anonymous_20)","decl":{"start":{"line":149,"column":24},"end":{"line":149,"column":25}},"loc":{"start":{"line":149,"column":30},"end":{"line":155,"column":3}},"line":149}},"branchMap":{"0":{"loc":{"start":{"line":12,"column":13},"end":{"line":12,"column":28}},"type":"binary-expr","locations":[{"start":{"line":12,"column":13},"end":{"line":12,"column":22}},{"start":{"line":12,"column":26},"end":{"line":12,"column":28}}],"line":12},"1":{"loc":{"start":{"line":20,"column":4},"end":{"line":20,"column":50}},"type":"binary-expr","locations":[{"start":{"line":20,"column":4},"end":{"line":20,"column":23}},{"start":{"line":20,"column":27},"end":{"line":20,"column":50}}],"line":20},"2":{"loc":{"start":{"line":58,"column":15},"end":{"line":70,"column":15}},"type":"cond-expr","locations":[{"start":{"line":59,"column":16},"end":{"line":63,"column":18}},{"start":{"line":65,"column":16},"end":{"line":69,"column":18}}],"line":58},"3":{"loc":{"start":{"line":127,"column":21},"end":{"line":137,"column":21}},"type":"cond-expr","locations":[{"start":{"line":128,"column":22},"end":{"line":131,"column":24}},{"start":{"line":133,"column":22},"end":{"line":136,"column":24}}],"line":127},"4":{"loc":{"start":{"line":159,"column":7},"end":{"line":165,"column":25}},"type":"cond-expr","locations":[{"start":{"line":160,"column":10},"end":{"line":160,"column":23}},{"start":{"line":161,"column":10},"end":{"line":165,"column":25}}],"line":159},"5":{"loc":{"start":{"line":159,"column":7},"end":{"line":159,"column":51}},"type":"binary-expr","locations":[{"start":{"line":159,"column":7},"end":{"line":159,"column":22}},{"start":{"line":159,"column":26},"end":{"line":159,"column":31}},{"start":{"line":159,"column":35},"end":{"line":159,"column":51}}],"line":159},"6":{"loc":{"start":{"line":161,"column":10},"end":{"line":165,"column":25}},"type":"cond-expr","locations":[{"start":{"line":162,"column":10},"end":{"line":162,"column":23}},{"start":{"line":163,"column":10},"end":{"line":165,"column":25}}],"line":161},"7":{"loc":{"start":{"line":163,"column":10},"end":{"line":165,"column":25}},"type":"cond-expr","locations":[{"start":{"line":164,"column":10},"end":{"line":164,"column":24}},{"start":{"line":165,"column":10},"end":{"line":165,"column":25}}],"line":163},"8":{"loc":{"start":{"line":163,"column":10},"end":{"line":163,"column":37}},"type":"binary-expr","locations":[{"start":{"line":163,"column":10},"end":{"line":163,"column":16}},{"start":{"line":163,"column":20},"end":{"line":163,"column":37}}],"line":163},"9":{"loc":{"start":{"line":169,"column":10},"end":{"line":169,"column":48}},"type":"cond-expr","locations":[{"start":{"line":169,"column":35},"end":{"line":169,"column":43}},{"start":{"line":169,"column":46},"end":{"line":169,"column":48}}],"line":169}},"s":{"0":131,"1":131,"2":131,"3":18,"4":18,"5":131,"6":41,"7":131,"8":6,"9":6,"10":6,"11":6,"12":6,"13":131,"14":6,"15":4,"16":131,"17":1,"18":1,"19":1,"20":1,"21":131,"22":4,"23":4,"24":4,"25":1,"26":1,"27":1,"28":131,"29":2,"30":2,"31":2,"32":2,"33":131,"34":120,"35":808,"36":808,"37":651,"38":1,"39":1,"40":131,"41":5,"42":131},"f":{"0":131,"1":18,"2":41,"3":6,"4":6,"5":4,"6":1,"7":4,"8":4,"9":1,"10":1,"11":1,"12":2,"13":2,"14":2,"15":120,"16":808,"17":651,"18":1,"19":1,"20":5},"b":{"0":[18,0],"1":[6,4],"2":[1,3],"3":[602,206],"4":[2,129],"5":[131,7,7],"6":[120,9],"7":[4,5],"8":[9,4],"9":[4,127]},"_coverageSchema":"332fd63041d2c1bcb487cc26dd0d5f7d97098a6c","hash":"62135cdb9aad8a8571bb00bafa37d3b6013b533f"}
,"/Users/paulinez/Documents/mars-rover/src/components/NavBar.js": {"path":"/Users/paulinez/Documents/mars-rover/src/components/NavBar.js","statementMap":{"0":{"start":{"line":8,"column":22},"end":{"line":45,"column":2}},"1":{"start":{"line":9,"column":30},"end":{"line":9,"column":45}},"2":{"start":{"line":10,"column":23},"end":{"line":10,"column":47}},"3":{"start":{"line":10,"column":29},"end":{"line":10,"column":47}},"4":{"start":{"line":12,"column":2},"end":{"line":15,"column":6}},"5":{"start":{"line":12,"column":34},"end":{"line":15,"column":3}},"6":{"start":{"line":17,"column":2},"end":{"line":44,"column":4}},"7":{"start":{"line":32,"column":12},"end":{"line":39,"column":14}}},"fnMap":{"0":{"name":"(anonymous_0)","decl":{"start":{"line":8,"column":33},"end":{"line":8,"column":34}},"loc":{"start":{"line":8,"column":46},"end":{"line":45,"column":1}},"line":8},"1":{"name":"(anonymous_1)","decl":{"start":{"line":10,"column":23},"end":{"line":10,"column":24}},"loc":{"start":{"line":10,"column":29},"end":{"line":10,"column":47}},"line":10},"2":{"name":"(anonymous_2)","decl":{"start":{"line":12,"column":27},"end":{"line":12,"column":28}},"loc":{"start":{"line":12,"column":34},"end":{"line":15,"column":3}},"line":12},"3":{"name":"(anonymous_3)","decl":{"start":{"line":31,"column":23},"end":{"line":31,"column":24}},"loc":{"start":{"line":31,"column":40},"end":{"line":40,"column":11}},"line":31}},"branchMap":{"0":{"loc":{"start":{"line":24,"column":44},"end":{"line":24,"column":83}},"type":"cond-expr","locations":[{"start":{"line":24,"column":53},"end":{"line":24,"column":70}},{"start":{"line":24,"column":73},"end":{"line":24,"column":83}}],"line":24}},"s":{"0":1,"1":13,"2":13,"3":2,"4":13,"5":13,"6":13,"7":39},"f":{"0":13,"1":2,"2":13,"3":39},"b":{"0":[1,12]},"_coverageSchema":"332fd63041d2c1bcb487cc26dd0d5f7d97098a6c","hash":"d545ed4ad8c1a1f612c49db921b71640fb665f01"}
,"/Users/paulinez/Documents/mars-rover/src/components/NavData.js": {"path":"/Users/paulinez/Documents/mars-rover/src/components/NavData.js","statementMap":{"0":{"start":{"line":4,"column":23},"end":{"line":20,"column":1}}},"fnMap":{},"branchMap":{},"s":{"0":1},"f":{},"b":{},"_coverageSchema":"332fd63041d2c1bcb487cc26dd0d5f7d97098a6c","hash":"eb163ec34b6452578eeaa9248642e8223b5c788b"}
}
