TN:
SF:/Users/paulinez/Documents/mars-rover/src/App.js
FN:9,App
FN:12,(anonymous_1)
FN:13,(anonymous_2)
FN:18,(anonymous_3)
FNF:4
FNH:4
FNDA:11,App
FNDA:11,(anonymous_1)
FNDA:10,(anonymous_2)
FNDA:11,(anonymous_3)
DA:10,11
DA:12,11
DA:13,11
DA:14,10
DA:16,11
DA:18,11
DA:19,11
DA:23,11
LF:8
LH:8
BRDA:14,0,0,10
BRDA:14,0,1,1
BRF:2
BRH:2
end_of_record
TN:
SF:/Users/paulinez/Documents/mars-rover/src/helper.js
FN:38,(anonymous_0)
FN:46,(anonymous_1)
FN:63,(anonymous_2)
FN:68,(anonymous_3)
FN:80,(anonymous_4)
FN:83,(anonymous_5)
FN:92,(anonymous_6)
FN:97,(anonymous_7)
FN:104,(anonymous_8)
FNF:9
FNH:9
FNDA:4,(anonymous_0)
FNDA:5,(anonymous_1)
FNDA:5,(anonymous_2)
FNDA:143,(anonymous_3)
FNDA:8,(anonymous_4)
FNDA:7,(anonymous_5)
FNDA:98,(anonymous_6)
FNDA:37,(anonymous_7)
FNDA:7,(anonymous_8)
DA:5,1
DA:17,1
DA:29,1
DA:35,1
DA:38,1
DA:39,4
DA:40,4
DA:41,4
DA:42,4
DA:43,4
DA:46,1
DA:47,5
DA:48,5
DA:49,5
DA:52,5
DA:53,1
DA:54,4
DA:55,3
DA:57,1
DA:58,1
DA:60,5
DA:63,1
DA:64,5
DA:65,5
DA:68,1
DA:69,143
DA:71,143
DA:72,858
DA:73,858
DA:74,858
DA:76,143
DA:77,143
DA:80,1
DA:82,8
DA:83,7
DA:85,3
DA:87,8
DA:91,1
DA:92,1
DA:93,98
DA:94,98
DA:95,98
DA:97,1
DA:98,37
DA:99,37
DA:100,37
DA:101,37
DA:104,1
DA:105,7
DA:106,7
DA:109,1
LF:51
LH:51
BRDA:48,0,0,1
BRDA:48,0,1,4
BRDA:52,1,0,1
BRDA:52,1,1,4
BRDA:54,2,0,3
BRDA:54,2,1,1
BRDA:57,3,0,1
BRDA:57,3,1,1
BRDA:82,4,0,5
BRDA:82,4,1,3
BRF:10
BRH:10
end_of_record
TN:
SF:/Users/paulinez/Documents/mars-rover/src/index.js
FN:3,_interopRequireDefault
FNF:1
FNH:0
FNDA:0,_interopRequireDefault
DA:1,0
DA:2,0
DA:3,0
DA:4,0
LF:4
LH:0
BRDA:3,0,0,0
BRDA:3,0,1,0
BRDA:3,1,0,0
BRDA:3,1,1,0
BRF:4
BRH:0
end_of_record
TN:
SF:/Users/paulinez/Documents/mars-rover/src/infoData.js
FNF:0
FNH:0
DA:1,0
DA:2,0
DA:5,0
DA:8,0
DA:11,0
DA:13,0
DA:16,0
DA:19,0
DA:22,0
DA:25,0
DA:27,0
LF:11
LH:0
BRF:0
BRH:0
end_of_record
TN:
SF:/Users/paulinez/Documents/mars-rover/src/Pages/Home.js
FN:22,Home
FN:31,(anonymous_1)
FN:39,(anonymous_2)
FN:43,(anonymous_3)
FN:47,(anonymous_4)
FN:51,(anonymous_5)
FN:58,(anonymous_6)
FN:68,(anonymous_7)
FN:72,(anonymous_8)
FN:81,(anonymous_9)
FN:89,(anonymous_10)
FN:94,(anonymous_11)
FN:97,(anonymous_12)
FN:101,(anonymous_13)
FN:106,(anonymous_14)
FN:109,(anonymous_15)
FN:111,(anonymous_16)
FN:112,(anonymous_17)
FN:121,(anonymous_18)
FN:126,(anonymous_19)
FN:200,(anonymous_20)
FN:236,(anonymous_21)
FN:242,(anonymous_22)
FN:264,(anonymous_23)
FNF:24
FNH:24
FNDA:274,Home
FNDA:15,(anonymous_1)
FNDA:3,(anonymous_2)
FNDA:2,(anonymous_3)
FNDA:1,(anonymous_4)
FNDA:18,(anonymous_5)
FNDA:17,(anonymous_6)
FNDA:98,(anonymous_7)
FNDA:98,(anonymous_8)
FNDA:98,(anonymous_9)
FNDA:1,(anonymous_10)
FNDA:15,(anonymous_11)
FNDA:14,(anonymous_12)
FNDA:1,(anonymous_13)
FNDA:15,(anonymous_14)
FNDA:14,(anonymous_15)
FNDA:28,(anonymous_16)
FNDA:14,(anonymous_17)
FNDA:1,(anonymous_18)
FNDA:259,(anonymous_19)
FNDA:2331,(anonymous_20)
FNDA:231,(anonymous_21)
FNDA:231,(anonymous_22)
FNDA:201,(anonymous_23)
DA:9,1
DA:23,274
DA:24,274
DA:25,274
DA:26,274
DA:27,274
DA:28,274
DA:29,274
DA:31,274
DA:32,15
DA:33,15
DA:34,15
DA:35,15
DA:36,15
DA:39,274
DA:40,3
DA:43,274
DA:44,2
DA:47,274
DA:48,1
DA:51,274
DA:52,18
DA:53,18
DA:54,18
DA:55,18
DA:56,18
DA:59,17
DA:60,17
DA:61,3
DA:62,2
DA:63,2
DA:65,1
DA:68,14
DA:69,98
DA:70,98
DA:73,98
DA:74,98
DA:75,4
DA:77,94
DA:78,94
DA:82,98
DA:83,98
DA:90,1
DA:94,274
DA:95,15
DA:98,14
DA:99,14
DA:102,1
DA:106,274
DA:107,15
DA:110,14
DA:111,14
DA:112,28
DA:113,14
DA:115,28
DA:116,28
DA:118,14
DA:119,14
DA:122,1
DA:126,274
DA:137,259
DA:139,259
DA:140,259
DA:141,259
DA:143,259
DA:144,259
DA:145,259
DA:148,259
DA:149,403
DA:150,259
DA:151,259
DA:155,259
DA:201,2331
DA:202,2331
DA:236,274
DA:237,231
DA:238,231
DA:239,231
DA:243,231
DA:244,231
DA:245,231
DA:264,274
DA:265,201
DA:279,274
LF:84
LH:84
BRDA:32,0,0,0
BRDA:32,0,1,15
BRDA:60,1,0,3
BRDA:60,1,1,14
BRDA:61,2,0,2
BRDA:61,2,1,1
BRDA:74,3,0,4
BRDA:74,3,1,94
BRDA:115,4,0,28
BRDA:115,4,1,14
BRDA:149,5,0,259
BRDA:149,5,1,144
BRDA:162,6,0,259
BRDA:162,6,1,257
BRDA:172,7,0,259
BRDA:172,7,1,2
BRDA:193,8,0,259
BRDA:193,8,1,0
BRDA:214,9,0,257
BRDA:214,9,1,2
BRDA:217,10,0,257
BRDA:217,10,1,2
BRDA:219,11,0,187
BRDA:219,11,1,72
BRDA:221,12,0,187
BRDA:221,12,1,72
BRDA:281,13,0,29
BRDA:281,13,1,245
BRDA:281,14,0,274
BRDA:281,14,1,29
BRDA:283,15,0,274
BRDA:283,15,1,259
BRDA:284,16,0,274
BRDA:284,16,1,203
BRDA:284,16,2,201
BRDA:286,17,0,274
BRDA:286,17,1,231
BRF:37
BRH:35
end_of_record
TN:
SF:/Users/paulinez/Documents/mars-rover/src/Pages/Likes.js
FN:4,Likes
FNF:1
FNH:1
FNDA:1,Likes
DA:5,1
LF:1
LH:1
BRF:0
BRH:0
end_of_record
TN:
SF:/Users/paulinez/Documents/mars-rover/src/Pages/Search.js
FN:6,Search
FN:17,(anonymous_1)
FN:22,(anonymous_2)
FN:26,(anonymous_3)
FN:31,(anonymous_4)
FN:47,(anonymous_5)
FN:64,(anonymous_6)
FN:70,(anonymous_7)
FN:94,(anonymous_8)
FNF:9
FNH:9
FNDA:19,Search
FNDA:3,(anonymous_1)
FNDA:2,(anonymous_2)
FNDA:1,(anonymous_3)
FNDA:4,(anonymous_4)
FNDA:4,(anonymous_5)
FNDA:3,(anonymous_6)
FNDA:171,(anonymous_7)
FNDA:3,(anonymous_8)
DA:7,19
DA:8,19
DA:9,19
DA:10,19
DA:13,19
DA:14,19
DA:15,19
DA:17,19
DA:18,3
DA:19,3
DA:20,3
DA:23,2
DA:24,2
DA:27,1
DA:31,19
DA:32,4
DA:33,4
DA:34,3
DA:36,1
DA:40,19
DA:48,4
DA:65,3
DA:71,171
DA:72,171
DA:73,171
DA:95,3
LF:26
LH:26
BRDA:11,0,0,0
BRDA:11,0,1,19
BRDA:11,1,0,0
BRDA:11,1,1,19
BRDA:33,2,0,3
BRDA:33,2,1,1
BRDA:33,3,0,4
BRDA:33,3,1,4
BRDA:67,4,0,19
BRDA:67,4,1,4
BRDA:71,5,0,171
BRDA:71,5,1,36
BRDA:72,6,0,171
BRDA:72,6,1,66
BRDA:75,7,0,19
BRDA:75,7,1,152
BRDA:110,8,0,1
BRDA:110,8,1,18
BRDA:113,9,0,4
BRDA:113,9,1,15
BRDA:115,10,0,19
BRDA:115,10,1,2
BRF:22
BRH:20
end_of_record
TN:
SF:/Users/paulinez/Documents/mars-rover/src/Pages/infoData.js
FNF:0
FNH:0
DA:2,1
DA:5,1
DA:8,1
DA:11,1
DA:13,1
DA:16,1
DA:19,1
DA:22,1
DA:25,1
DA:27,1
LF:10
LH:10
BRF:0
BRH:0
end_of_record
TN:
SF:/Users/paulinez/Documents/mars-rover/src/__test__/fake.data.js
FNF:0
FNH:0
DA:1,1
DA:15,1
DA:30,1
DA:32,1
DA:44,1
DA:66,1
LF:6
LH:6
BRF:0
BRH:0
end_of_record
TN:
SF:/Users/paulinez/Documents/mars-rover/src/__test__/localStorage.js
FN:6,(anonymous_0)
FN:7,(anonymous_1)
FNF:2
FNH:2
FNDA:48,(anonymous_0)
FNDA:18,(anonymous_1)
DA:2,1
DA:6,48
DA:7,18
LF:3
LH:3
BRF:0
BRH:0
end_of_record
TN:
SF:/Users/paulinez/Documents/mars-rover/src/components/ImageCard.js
FN:6,ImageCard
FN:10,(anonymous_1)
FN:15,(anonymous_2)
FN:19,(anonymous_3)
FN:27,(anonymous_4)
FN:28,(anonymous_5)
FN:33,(anonymous_6)
FN:40,(anonymous_7)
FN:41,(anonymous_8)
FN:58,(anonymous_9)
FN:62,(anonymous_10)
FN:68,(anonymous_11)
FN:78,(anonymous_12)
FN:79,(anonymous_13)
FN:99,(anonymous_14)
FN:108,(anonymous_15)
FN:111,(anonymous_16)
FN:127,(anonymous_17)
FN:130,(anonymous_18)
FN:135,(anonymous_19)
FN:149,(anonymous_20)
FNF:21
FNH:21
FNDA:131,ImageCard
FNDA:18,(anonymous_1)
FNDA:41,(anonymous_2)
FNDA:6,(anonymous_3)
FNDA:6,(anonymous_4)
FNDA:4,(anonymous_5)
FNDA:1,(anonymous_6)
FNDA:4,(anonymous_7)
FNDA:4,(anonymous_8)
FNDA:1,(anonymous_9)
FNDA:1,(anonymous_10)
FNDA:1,(anonymous_11)
FNDA:2,(anonymous_12)
FNDA:2,(anonymous_13)
FNDA:2,(anonymous_14)
FNDA:120,(anonymous_15)
FNDA:808,(anonymous_16)
FNDA:651,(anonymous_17)
FNDA:1,(anonymous_18)
FNDA:1,(anonymous_19)
FNDA:5,(anonymous_20)
DA:7,131
DA:8,131
DA:10,131
DA:11,18
DA:12,18
DA:15,131
DA:16,41
DA:19,131
DA:20,6
DA:21,6
DA:22,6
DA:23,6
DA:24,6
DA:27,131
DA:28,6
DA:29,4
DA:33,131
DA:34,1
DA:35,1
DA:36,1
DA:37,1
DA:40,131
DA:41,4
DA:42,4
DA:43,4
DA:58,1
DA:62,1
DA:68,1
DA:78,131
DA:79,2
DA:80,2
DA:81,2
DA:99,2
DA:108,131
DA:109,120
DA:112,808
DA:113,808
DA:127,651
DA:130,1
DA:135,1
DA:149,131
DA:150,5
DA:157,131
LF:43
LH:43
BRDA:12,0,0,18
BRDA:12,0,1,0
BRDA:20,1,0,6
BRDA:20,1,1,4
BRDA:58,2,0,1
BRDA:58,2,1,3
BRDA:127,3,0,602
BRDA:127,3,1,206
BRDA:159,4,0,2
BRDA:159,4,1,129
BRDA:159,5,0,131
BRDA:159,5,1,7
BRDA:159,5,2,7
BRDA:161,6,0,120
BRDA:161,6,1,9
BRDA:163,7,0,4
BRDA:163,7,1,5
BRDA:163,8,0,9
BRDA:163,8,1,4
BRDA:169,9,0,4
BRDA:169,9,1,127
BRF:21
BRH:20
end_of_record
TN:
SF:/Users/paulinez/Documents/mars-rover/src/components/NavBar.js
FN:8,(anonymous_0)
FN:10,(anonymous_1)
FN:12,(anonymous_2)
FN:31,(anonymous_3)
FNF:4
FNH:4
FNDA:13,(anonymous_0)
FNDA:2,(anonymous_1)
FNDA:13,(anonymous_2)
FNDA:39,(anonymous_3)
DA:8,1
DA:9,13
DA:10,13
DA:12,13
DA:17,13
DA:32,39
LF:6
LH:6
BRDA:24,0,0,1
BRDA:24,0,1,12
BRF:2
BRH:2
end_of_record
TN:
SF:/Users/paulinez/Documents/mars-rover/src/components/NavData.js
FNF:0
FNH:0
DA:4,1
LF:1
LH:1
BRF:0
BRH:0
end_of_record
